Determining if the pthread_create exist failed with the following output:
Change Dir: /home/hemanth/neural_fly/build/rqt_rotors/CMakeFiles/CMakeTmp

Run Build Command:"/usr/bin/make" "cmTC_9f5ba/fast"
/usr/bin/make -f CMakeFiles/cmTC_9f5ba.dir/build.make CMakeFiles/cmTC_9f5ba.dir/build
make[1]: Entering directory '/home/hemanth/neural_fly/build/rqt_rotors/CMakeFiles/CMakeTmp'
Building C object CMakeFiles/cmTC_9f5ba.dir/CheckSymbolExists.c.o
/usr/lib/ccache/cc    -o CMakeFiles/cmTC_9f5ba.dir/CheckSymbolExists.c.o   -c /home/hemanth/neural_fly/build/rqt_rotors/CMakeFiles/CMakeTmp/CheckSymbolExists.c
Linking C executable cmTC_9f5ba
/usr/bin/cmake -E cmake_link_script CMakeFiles/cmTC_9f5ba.dir/link.txt --verbose=1
/usr/lib/ccache/cc      -rdynamic CMakeFiles/cmTC_9f5ba.dir/CheckSymbolExists.c.o  -o cmTC_9f5ba 
CMakeFiles/cmTC_9f5ba.dir/CheckSymbolExists.c.o: In function `main':
CheckSymbolExists.c:(.text+0x1b): undefined reference to `pthread_create'
collect2: error: ld returned 1 exit status
CMakeFiles/cmTC_9f5ba.dir/build.make:97: recipe for target 'cmTC_9f5ba' failed
make[1]: *** [cmTC_9f5ba] Error 1
make[1]: Leaving directory '/home/hemanth/neural_fly/build/rqt_rotors/CMakeFiles/CMakeTmp'
Makefile:126: recipe for target 'cmTC_9f5ba/fast' failed
make: *** [cmTC_9f5ba/fast] Error 2

File /home/hemanth/neural_fly/build/rqt_rotors/CMakeFiles/CMakeTmp/CheckSymbolExists.c:
/* */
#include <pthread.h>

int main(int argc, char** argv)
{
  (void)argv;
#ifndef pthread_create
  return ((int*)(&pthread_create))[argc];
#else
  (void)argc;
  return 0;
#endif
}

Determining if the function pthread_create exists in the pthreads failed with the following output:
Change Dir: /home/hemanth/neural_fly/build/rqt_rotors/CMakeFiles/CMakeTmp

Run Build Command:"/usr/bin/make" "cmTC_d7012/fast"
/usr/bin/make -f CMakeFiles/cmTC_d7012.dir/build.make CMakeFiles/cmTC_d7012.dir/build
make[1]: Entering directory '/home/hemanth/neural_fly/build/rqt_rotors/CMakeFiles/CMakeTmp'
Building C object CMakeFiles/cmTC_d7012.dir/CheckFunctionExists.c.o
/usr/lib/ccache/cc   -DCHECK_FUNCTION_EXISTS=pthread_create   -o CMakeFiles/cmTC_d7012.dir/CheckFunctionExists.c.o   -c /usr/share/cmake-3.10/Modules/CheckFunctionExists.c
Linking C executable cmTC_d7012
/usr/bin/cmake -E cmake_link_script CMakeFiles/cmTC_d7012.dir/link.txt --verbose=1
/usr/lib/ccache/cc  -DCHECK_FUNCTION_EXISTS=pthread_create    -rdynamic CMakeFiles/cmTC_d7012.dir/CheckFunctionExists.c.o  -o cmTC_d7012 -lpthreads 
/usr/bin/ld: cannot find -lpthreads
collect2: error: ld returned 1 exit status
CMakeFiles/cmTC_d7012.dir/build.make:97: recipe for target 'cmTC_d7012' failed
make[1]: *** [cmTC_d7012] Error 1
make[1]: Leaving directory '/home/hemanth/neural_fly/build/rqt_rotors/CMakeFiles/CMakeTmp'
Makefile:126: recipe for target 'cmTC_d7012/fast' failed
make: *** [cmTC_d7012/fast] Error 2


