Determining if the pthread_create exist failed with the following output:
Change Dir: /home/hemanth/neural_fly/build/rotors_hil_interface/CMakeFiles/CMakeTmp

Run Build Command:"/usr/bin/make" "cmTC_4eb34/fast"
/usr/bin/make -f CMakeFiles/cmTC_4eb34.dir/build.make CMakeFiles/cmTC_4eb34.dir/build
make[1]: Entering directory '/home/hemanth/neural_fly/build/rotors_hil_interface/CMakeFiles/CMakeTmp'
Building C object CMakeFiles/cmTC_4eb34.dir/CheckSymbolExists.c.o
/usr/lib/ccache/cc    -o CMakeFiles/cmTC_4eb34.dir/CheckSymbolExists.c.o   -c /home/hemanth/neural_fly/build/rotors_hil_interface/CMakeFiles/CMakeTmp/CheckSymbolExists.c
Linking C executable cmTC_4eb34
/usr/bin/cmake -E cmake_link_script CMakeFiles/cmTC_4eb34.dir/link.txt --verbose=1
/usr/lib/ccache/cc      -rdynamic CMakeFiles/cmTC_4eb34.dir/CheckSymbolExists.c.o  -o cmTC_4eb34 
CMakeFiles/cmTC_4eb34.dir/CheckSymbolExists.c.o: In function `main':
CheckSymbolExists.c:(.text+0x1b): undefined reference to `pthread_create'
collect2: error: ld returned 1 exit status
CMakeFiles/cmTC_4eb34.dir/build.make:97: recipe for target 'cmTC_4eb34' failed
make[1]: *** [cmTC_4eb34] Error 1
make[1]: Leaving directory '/home/hemanth/neural_fly/build/rotors_hil_interface/CMakeFiles/CMakeTmp'
Makefile:126: recipe for target 'cmTC_4eb34/fast' failed
make: *** [cmTC_4eb34/fast] Error 2

File /home/hemanth/neural_fly/build/rotors_hil_interface/CMakeFiles/CMakeTmp/CheckSymbolExists.c:
/* */
#include <pthread.h>

int main(int argc, char** argv)
{
  (void)argv;
#ifndef pthread_create
  return ((int*)(&pthread_create))[argc];
#else
  (void)argc;
  return 0;
#endif
}

Determining if the function pthread_create exists in the pthreads failed with the following output:
Change Dir: /home/hemanth/neural_fly/build/rotors_hil_interface/CMakeFiles/CMakeTmp

Run Build Command:"/usr/bin/make" "cmTC_d18ef/fast"
/usr/bin/make -f CMakeFiles/cmTC_d18ef.dir/build.make CMakeFiles/cmTC_d18ef.dir/build
make[1]: Entering directory '/home/hemanth/neural_fly/build/rotors_hil_interface/CMakeFiles/CMakeTmp'
Building C object CMakeFiles/cmTC_d18ef.dir/CheckFunctionExists.c.o
/usr/lib/ccache/cc   -DCHECK_FUNCTION_EXISTS=pthread_create   -o CMakeFiles/cmTC_d18ef.dir/CheckFunctionExists.c.o   -c /usr/share/cmake-3.10/Modules/CheckFunctionExists.c
Linking C executable cmTC_d18ef
/usr/bin/cmake -E cmake_link_script CMakeFiles/cmTC_d18ef.dir/link.txt --verbose=1
/usr/lib/ccache/cc  -DCHECK_FUNCTION_EXISTS=pthread_create    -rdynamic CMakeFiles/cmTC_d18ef.dir/CheckFunctionExists.c.o  -o cmTC_d18ef -lpthreads 
/usr/bin/ld: cannot find -lpthreads
collect2: error: ld returned 1 exit status
CMakeFiles/cmTC_d18ef.dir/build.make:97: recipe for target 'cmTC_d18ef' failed
make[1]: *** [cmTC_d18ef] Error 1
make[1]: Leaving directory '/home/hemanth/neural_fly/build/rotors_hil_interface/CMakeFiles/CMakeTmp'
Makefile:126: recipe for target 'cmTC_d18ef/fast' failed
make: *** [cmTC_d18ef/fast] Error 2


