Determining if the pthread_create exist failed with the following output:
Change Dir: /home/hemanth/neural_fly/build/mavros/CMakeFiles/CMakeTmp

Run Build Command:"/usr/bin/make" "cmTC_c69b0/fast"
/usr/bin/make -f CMakeFiles/cmTC_c69b0.dir/build.make CMakeFiles/cmTC_c69b0.dir/build
make[1]: Entering directory '/home/hemanth/neural_fly/build/mavros/CMakeFiles/CMakeTmp'
Building C object CMakeFiles/cmTC_c69b0.dir/CheckSymbolExists.c.o
/usr/lib/ccache/cc    -o CMakeFiles/cmTC_c69b0.dir/CheckSymbolExists.c.o   -c /home/hemanth/neural_fly/build/mavros/CMakeFiles/CMakeTmp/CheckSymbolExists.c
Linking C executable cmTC_c69b0
/usr/bin/cmake -E cmake_link_script CMakeFiles/cmTC_c69b0.dir/link.txt --verbose=1
/usr/lib/ccache/cc      -rdynamic CMakeFiles/cmTC_c69b0.dir/CheckSymbolExists.c.o  -o cmTC_c69b0 
CMakeFiles/cmTC_c69b0.dir/CheckSymbolExists.c.o: In function `main':
CheckSymbolExists.c:(.text+0x1b): undefined reference to `pthread_create'
collect2: error: ld returned 1 exit status
CMakeFiles/cmTC_c69b0.dir/build.make:97: recipe for target 'cmTC_c69b0' failed
make[1]: *** [cmTC_c69b0] Error 1
make[1]: Leaving directory '/home/hemanth/neural_fly/build/mavros/CMakeFiles/CMakeTmp'
Makefile:126: recipe for target 'cmTC_c69b0/fast' failed
make: *** [cmTC_c69b0/fast] Error 2

File /home/hemanth/neural_fly/build/mavros/CMakeFiles/CMakeTmp/CheckSymbolExists.c:
/* */
#include <pthread.h>

int main(int argc, char** argv)
{
  (void)argv;
#ifndef pthread_create
  return ((int*)(&pthread_create))[argc];
#else
  (void)argc;
  return 0;
#endif
}

Determining if the function pthread_create exists in the pthreads failed with the following output:
Change Dir: /home/hemanth/neural_fly/build/mavros/CMakeFiles/CMakeTmp

Run Build Command:"/usr/bin/make" "cmTC_efb05/fast"
/usr/bin/make -f CMakeFiles/cmTC_efb05.dir/build.make CMakeFiles/cmTC_efb05.dir/build
make[1]: Entering directory '/home/hemanth/neural_fly/build/mavros/CMakeFiles/CMakeTmp'
Building C object CMakeFiles/cmTC_efb05.dir/CheckFunctionExists.c.o
/usr/lib/ccache/cc   -DCHECK_FUNCTION_EXISTS=pthread_create   -o CMakeFiles/cmTC_efb05.dir/CheckFunctionExists.c.o   -c /usr/share/cmake-3.10/Modules/CheckFunctionExists.c
Linking C executable cmTC_efb05
/usr/bin/cmake -E cmake_link_script CMakeFiles/cmTC_efb05.dir/link.txt --verbose=1
/usr/lib/ccache/cc  -DCHECK_FUNCTION_EXISTS=pthread_create    -rdynamic CMakeFiles/cmTC_efb05.dir/CheckFunctionExists.c.o  -o cmTC_efb05 -lpthreads 
/usr/bin/ld: cannot find -lpthreads
collect2: error: ld returned 1 exit status
CMakeFiles/cmTC_efb05.dir/build.make:97: recipe for target 'cmTC_efb05' failed
make[1]: *** [cmTC_efb05] Error 1
make[1]: Leaving directory '/home/hemanth/neural_fly/build/mavros/CMakeFiles/CMakeTmp'
Makefile:126: recipe for target 'cmTC_efb05/fast' failed
make: *** [cmTC_efb05/fast] Error 2


