Determining if the pthread_create exist failed with the following output:
Change Dir: /home/hemanth/neural_fly/build/rotors_control/CMakeFiles/CMakeTmp

Run Build Command:"/usr/bin/make" "cmTC_0ea2c/fast"
/usr/bin/make -f CMakeFiles/cmTC_0ea2c.dir/build.make CMakeFiles/cmTC_0ea2c.dir/build
make[1]: Entering directory '/home/hemanth/neural_fly/build/rotors_control/CMakeFiles/CMakeTmp'
Building C object CMakeFiles/cmTC_0ea2c.dir/CheckSymbolExists.c.o
/usr/lib/ccache/cc    -o CMakeFiles/cmTC_0ea2c.dir/CheckSymbolExists.c.o   -c /home/hemanth/neural_fly/build/rotors_control/CMakeFiles/CMakeTmp/CheckSymbolExists.c
Linking C executable cmTC_0ea2c
/usr/bin/cmake -E cmake_link_script CMakeFiles/cmTC_0ea2c.dir/link.txt --verbose=1
/usr/lib/ccache/cc      -rdynamic CMakeFiles/cmTC_0ea2c.dir/CheckSymbolExists.c.o  -o cmTC_0ea2c 
CMakeFiles/cmTC_0ea2c.dir/CheckSymbolExists.c.o: In function `main':
CheckSymbolExists.c:(.text+0x1b): undefined reference to `pthread_create'
collect2: error: ld returned 1 exit status
CMakeFiles/cmTC_0ea2c.dir/build.make:97: recipe for target 'cmTC_0ea2c' failed
make[1]: *** [cmTC_0ea2c] Error 1
make[1]: Leaving directory '/home/hemanth/neural_fly/build/rotors_control/CMakeFiles/CMakeTmp'
Makefile:126: recipe for target 'cmTC_0ea2c/fast' failed
make: *** [cmTC_0ea2c/fast] Error 2

File /home/hemanth/neural_fly/build/rotors_control/CMakeFiles/CMakeTmp/CheckSymbolExists.c:
/* */
#include <pthread.h>

int main(int argc, char** argv)
{
  (void)argv;
#ifndef pthread_create
  return ((int*)(&pthread_create))[argc];
#else
  (void)argc;
  return 0;
#endif
}

Determining if the function pthread_create exists in the pthreads failed with the following output:
Change Dir: /home/hemanth/neural_fly/build/rotors_control/CMakeFiles/CMakeTmp

Run Build Command:"/usr/bin/make" "cmTC_c148a/fast"
/usr/bin/make -f CMakeFiles/cmTC_c148a.dir/build.make CMakeFiles/cmTC_c148a.dir/build
make[1]: Entering directory '/home/hemanth/neural_fly/build/rotors_control/CMakeFiles/CMakeTmp'
Building C object CMakeFiles/cmTC_c148a.dir/CheckFunctionExists.c.o
/usr/lib/ccache/cc   -DCHECK_FUNCTION_EXISTS=pthread_create   -o CMakeFiles/cmTC_c148a.dir/CheckFunctionExists.c.o   -c /usr/share/cmake-3.10/Modules/CheckFunctionExists.c
Linking C executable cmTC_c148a
/usr/bin/cmake -E cmake_link_script CMakeFiles/cmTC_c148a.dir/link.txt --verbose=1
/usr/lib/ccache/cc  -DCHECK_FUNCTION_EXISTS=pthread_create    -rdynamic CMakeFiles/cmTC_c148a.dir/CheckFunctionExists.c.o  -o cmTC_c148a -lpthreads 
/usr/bin/ld: cannot find -lpthreads
collect2: error: ld returned 1 exit status
CMakeFiles/cmTC_c148a.dir/build.make:97: recipe for target 'cmTC_c148a' failed
make[1]: *** [cmTC_c148a] Error 1
make[1]: Leaving directory '/home/hemanth/neural_fly/build/rotors_control/CMakeFiles/CMakeTmp'
Makefile:126: recipe for target 'cmTC_c148a/fast' failed
make: *** [cmTC_c148a/fast] Error 2


