Determining if the pthread_create exist failed with the following output:
Change Dir: /home/hemanth/neural_fly/build/mav_disturbance_observer/CMakeFiles/CMakeTmp

Run Build Command:"/usr/bin/make" "cmTC_5be30/fast"
/usr/bin/make -f CMakeFiles/cmTC_5be30.dir/build.make CMakeFiles/cmTC_5be30.dir/build
make[1]: Entering directory '/home/hemanth/neural_fly/build/mav_disturbance_observer/CMakeFiles/CMakeTmp'
Building C object CMakeFiles/cmTC_5be30.dir/CheckSymbolExists.c.o
/usr/lib/ccache/cc    -o CMakeFiles/cmTC_5be30.dir/CheckSymbolExists.c.o   -c /home/hemanth/neural_fly/build/mav_disturbance_observer/CMakeFiles/CMakeTmp/CheckSymbolExists.c
Linking C executable cmTC_5be30
/usr/bin/cmake -E cmake_link_script CMakeFiles/cmTC_5be30.dir/link.txt --verbose=1
/usr/lib/ccache/cc      -rdynamic CMakeFiles/cmTC_5be30.dir/CheckSymbolExists.c.o  -o cmTC_5be30 
CMakeFiles/cmTC_5be30.dir/CheckSymbolExists.c.o: In function `main':
CheckSymbolExists.c:(.text+0x1b): undefined reference to `pthread_create'
collect2: error: ld returned 1 exit status
CMakeFiles/cmTC_5be30.dir/build.make:97: recipe for target 'cmTC_5be30' failed
make[1]: *** [cmTC_5be30] Error 1
make[1]: Leaving directory '/home/hemanth/neural_fly/build/mav_disturbance_observer/CMakeFiles/CMakeTmp'
Makefile:126: recipe for target 'cmTC_5be30/fast' failed
make: *** [cmTC_5be30/fast] Error 2

File /home/hemanth/neural_fly/build/mav_disturbance_observer/CMakeFiles/CMakeTmp/CheckSymbolExists.c:
/* */
#include <pthread.h>

int main(int argc, char** argv)
{
  (void)argv;
#ifndef pthread_create
  return ((int*)(&pthread_create))[argc];
#else
  (void)argc;
  return 0;
#endif
}

Determining if the function pthread_create exists in the pthreads failed with the following output:
Change Dir: /home/hemanth/neural_fly/build/mav_disturbance_observer/CMakeFiles/CMakeTmp

Run Build Command:"/usr/bin/make" "cmTC_8de31/fast"
/usr/bin/make -f CMakeFiles/cmTC_8de31.dir/build.make CMakeFiles/cmTC_8de31.dir/build
make[1]: Entering directory '/home/hemanth/neural_fly/build/mav_disturbance_observer/CMakeFiles/CMakeTmp'
Building C object CMakeFiles/cmTC_8de31.dir/CheckFunctionExists.c.o
/usr/lib/ccache/cc   -DCHECK_FUNCTION_EXISTS=pthread_create   -o CMakeFiles/cmTC_8de31.dir/CheckFunctionExists.c.o   -c /usr/share/cmake-3.10/Modules/CheckFunctionExists.c
Linking C executable cmTC_8de31
/usr/bin/cmake -E cmake_link_script CMakeFiles/cmTC_8de31.dir/link.txt --verbose=1
/usr/lib/ccache/cc  -DCHECK_FUNCTION_EXISTS=pthread_create    -rdynamic CMakeFiles/cmTC_8de31.dir/CheckFunctionExists.c.o  -o cmTC_8de31 -lpthreads 
/usr/bin/ld: cannot find -lpthreads
collect2: error: ld returned 1 exit status
CMakeFiles/cmTC_8de31.dir/build.make:97: recipe for target 'cmTC_8de31' failed
make[1]: *** [cmTC_8de31] Error 1
make[1]: Leaving directory '/home/hemanth/neural_fly/build/mav_disturbance_observer/CMakeFiles/CMakeTmp'
Makefile:126: recipe for target 'cmTC_8de31/fast' failed
make: *** [cmTC_8de31/fast] Error 2


