Determining if the pthread_create exist failed with the following output:
Change Dir: /home/hemanth/neural_fly/build/glog_catkin/CMakeFiles/CMakeTmp

Run Build Command:"/usr/bin/make" "cmTC_2db48/fast"
/usr/bin/make -f CMakeFiles/cmTC_2db48.dir/build.make CMakeFiles/cmTC_2db48.dir/build
make[1]: Entering directory '/home/hemanth/neural_fly/build/glog_catkin/CMakeFiles/CMakeTmp'
Building C object CMakeFiles/cmTC_2db48.dir/CheckSymbolExists.c.o
/usr/lib/ccache/cc    -o CMakeFiles/cmTC_2db48.dir/CheckSymbolExists.c.o   -c /home/hemanth/neural_fly/build/glog_catkin/CMakeFiles/CMakeTmp/CheckSymbolExists.c
Linking C executable cmTC_2db48
/usr/bin/cmake -E cmake_link_script CMakeFiles/cmTC_2db48.dir/link.txt --verbose=1
/usr/lib/ccache/cc      -rdynamic CMakeFiles/cmTC_2db48.dir/CheckSymbolExists.c.o  -o cmTC_2db48 
CMakeFiles/cmTC_2db48.dir/CheckSymbolExists.c.o: In function `main':
CheckSymbolExists.c:(.text+0x1b): undefined reference to `pthread_create'
collect2: error: ld returned 1 exit status
CMakeFiles/cmTC_2db48.dir/build.make:97: recipe for target 'cmTC_2db48' failed
make[1]: *** [cmTC_2db48] Error 1
make[1]: Leaving directory '/home/hemanth/neural_fly/build/glog_catkin/CMakeFiles/CMakeTmp'
Makefile:126: recipe for target 'cmTC_2db48/fast' failed
make: *** [cmTC_2db48/fast] Error 2

File /home/hemanth/neural_fly/build/glog_catkin/CMakeFiles/CMakeTmp/CheckSymbolExists.c:
/* */
#include <pthread.h>

int main(int argc, char** argv)
{
  (void)argv;
#ifndef pthread_create
  return ((int*)(&pthread_create))[argc];
#else
  (void)argc;
  return 0;
#endif
}

Determining if the function pthread_create exists in the pthreads failed with the following output:
Change Dir: /home/hemanth/neural_fly/build/glog_catkin/CMakeFiles/CMakeTmp

Run Build Command:"/usr/bin/make" "cmTC_7e85a/fast"
/usr/bin/make -f CMakeFiles/cmTC_7e85a.dir/build.make CMakeFiles/cmTC_7e85a.dir/build
make[1]: Entering directory '/home/hemanth/neural_fly/build/glog_catkin/CMakeFiles/CMakeTmp'
Building C object CMakeFiles/cmTC_7e85a.dir/CheckFunctionExists.c.o
/usr/lib/ccache/cc   -DCHECK_FUNCTION_EXISTS=pthread_create   -o CMakeFiles/cmTC_7e85a.dir/CheckFunctionExists.c.o   -c /usr/share/cmake-3.10/Modules/CheckFunctionExists.c
Linking C executable cmTC_7e85a
/usr/bin/cmake -E cmake_link_script CMakeFiles/cmTC_7e85a.dir/link.txt --verbose=1
/usr/lib/ccache/cc  -DCHECK_FUNCTION_EXISTS=pthread_create    -rdynamic CMakeFiles/cmTC_7e85a.dir/CheckFunctionExists.c.o  -o cmTC_7e85a -lpthreads 
/usr/bin/ld: cannot find -lpthreads
collect2: error: ld returned 1 exit status
CMakeFiles/cmTC_7e85a.dir/build.make:97: recipe for target 'cmTC_7e85a' failed
make[1]: *** [cmTC_7e85a] Error 1
make[1]: Leaving directory '/home/hemanth/neural_fly/build/glog_catkin/CMakeFiles/CMakeTmp'
Makefile:126: recipe for target 'cmTC_7e85a/fast' failed
make: *** [cmTC_7e85a/fast] Error 2


