Determining if the pthread_create exist failed with the following output:
Change Dir: /home/hemanth/neural_fly/build/msf_core/CMakeFiles/CMakeTmp

Run Build Command:"/usr/bin/make" "cmTC_af5c4/fast"
/usr/bin/make -f CMakeFiles/cmTC_af5c4.dir/build.make CMakeFiles/cmTC_af5c4.dir/build
make[1]: Entering directory '/home/hemanth/neural_fly/build/msf_core/CMakeFiles/CMakeTmp'
Building C object CMakeFiles/cmTC_af5c4.dir/CheckSymbolExists.c.o
/usr/lib/ccache/cc    -o CMakeFiles/cmTC_af5c4.dir/CheckSymbolExists.c.o   -c /home/hemanth/neural_fly/build/msf_core/CMakeFiles/CMakeTmp/CheckSymbolExists.c
Linking C executable cmTC_af5c4
/usr/bin/cmake -E cmake_link_script CMakeFiles/cmTC_af5c4.dir/link.txt --verbose=1
/usr/lib/ccache/cc      -rdynamic CMakeFiles/cmTC_af5c4.dir/CheckSymbolExists.c.o  -o cmTC_af5c4 
CMakeFiles/cmTC_af5c4.dir/CheckSymbolExists.c.o: In function `main':
CheckSymbolExists.c:(.text+0x1b): undefined reference to `pthread_create'
collect2: error: ld returned 1 exit status
CMakeFiles/cmTC_af5c4.dir/build.make:97: recipe for target 'cmTC_af5c4' failed
make[1]: *** [cmTC_af5c4] Error 1
make[1]: Leaving directory '/home/hemanth/neural_fly/build/msf_core/CMakeFiles/CMakeTmp'
Makefile:126: recipe for target 'cmTC_af5c4/fast' failed
make: *** [cmTC_af5c4/fast] Error 2

File /home/hemanth/neural_fly/build/msf_core/CMakeFiles/CMakeTmp/CheckSymbolExists.c:
/* */
#include <pthread.h>

int main(int argc, char** argv)
{
  (void)argv;
#ifndef pthread_create
  return ((int*)(&pthread_create))[argc];
#else
  (void)argc;
  return 0;
#endif
}

Determining if the function pthread_create exists in the pthreads failed with the following output:
Change Dir: /home/hemanth/neural_fly/build/msf_core/CMakeFiles/CMakeTmp

Run Build Command:"/usr/bin/make" "cmTC_3ca82/fast"
/usr/bin/make -f CMakeFiles/cmTC_3ca82.dir/build.make CMakeFiles/cmTC_3ca82.dir/build
make[1]: Entering directory '/home/hemanth/neural_fly/build/msf_core/CMakeFiles/CMakeTmp'
Building C object CMakeFiles/cmTC_3ca82.dir/CheckFunctionExists.c.o
/usr/lib/ccache/cc   -DCHECK_FUNCTION_EXISTS=pthread_create   -o CMakeFiles/cmTC_3ca82.dir/CheckFunctionExists.c.o   -c /usr/share/cmake-3.10/Modules/CheckFunctionExists.c
Linking C executable cmTC_3ca82
/usr/bin/cmake -E cmake_link_script CMakeFiles/cmTC_3ca82.dir/link.txt --verbose=1
/usr/lib/ccache/cc  -DCHECK_FUNCTION_EXISTS=pthread_create    -rdynamic CMakeFiles/cmTC_3ca82.dir/CheckFunctionExists.c.o  -o cmTC_3ca82 -lpthreads 
/usr/bin/ld: cannot find -lpthreads
collect2: error: ld returned 1 exit status
CMakeFiles/cmTC_3ca82.dir/build.make:97: recipe for target 'cmTC_3ca82' failed
make[1]: *** [cmTC_3ca82] Error 1
make[1]: Leaving directory '/home/hemanth/neural_fly/build/msf_core/CMakeFiles/CMakeTmp'
Makefile:126: recipe for target 'cmTC_3ca82/fast' failed
make: *** [cmTC_3ca82/fast] Error 2


