Determining if the pthread_create exist failed with the following output:
Change Dir: /home/hemanth/neural_fly/build/ethzasl_msf/CMakeFiles/CMakeTmp

Run Build Command:"/usr/bin/make" "cmTC_1a33b/fast"
/usr/bin/make -f CMakeFiles/cmTC_1a33b.dir/build.make CMakeFiles/cmTC_1a33b.dir/build
make[1]: Entering directory '/home/hemanth/neural_fly/build/ethzasl_msf/CMakeFiles/CMakeTmp'
Building C object CMakeFiles/cmTC_1a33b.dir/CheckSymbolExists.c.o
/usr/lib/ccache/cc    -o CMakeFiles/cmTC_1a33b.dir/CheckSymbolExists.c.o   -c /home/hemanth/neural_fly/build/ethzasl_msf/CMakeFiles/CMakeTmp/CheckSymbolExists.c
Linking C executable cmTC_1a33b
/usr/bin/cmake -E cmake_link_script CMakeFiles/cmTC_1a33b.dir/link.txt --verbose=1
/usr/lib/ccache/cc      -rdynamic CMakeFiles/cmTC_1a33b.dir/CheckSymbolExists.c.o  -o cmTC_1a33b 
CMakeFiles/cmTC_1a33b.dir/CheckSymbolExists.c.o: In function `main':
CheckSymbolExists.c:(.text+0x1b): undefined reference to `pthread_create'
collect2: error: ld returned 1 exit status
CMakeFiles/cmTC_1a33b.dir/build.make:97: recipe for target 'cmTC_1a33b' failed
make[1]: *** [cmTC_1a33b] Error 1
make[1]: Leaving directory '/home/hemanth/neural_fly/build/ethzasl_msf/CMakeFiles/CMakeTmp'
Makefile:126: recipe for target 'cmTC_1a33b/fast' failed
make: *** [cmTC_1a33b/fast] Error 2

File /home/hemanth/neural_fly/build/ethzasl_msf/CMakeFiles/CMakeTmp/CheckSymbolExists.c:
/* */
#include <pthread.h>

int main(int argc, char** argv)
{
  (void)argv;
#ifndef pthread_create
  return ((int*)(&pthread_create))[argc];
#else
  (void)argc;
  return 0;
#endif
}

Determining if the function pthread_create exists in the pthreads failed with the following output:
Change Dir: /home/hemanth/neural_fly/build/ethzasl_msf/CMakeFiles/CMakeTmp

Run Build Command:"/usr/bin/make" "cmTC_ee44e/fast"
/usr/bin/make -f CMakeFiles/cmTC_ee44e.dir/build.make CMakeFiles/cmTC_ee44e.dir/build
make[1]: Entering directory '/home/hemanth/neural_fly/build/ethzasl_msf/CMakeFiles/CMakeTmp'
Building C object CMakeFiles/cmTC_ee44e.dir/CheckFunctionExists.c.o
/usr/lib/ccache/cc   -DCHECK_FUNCTION_EXISTS=pthread_create   -o CMakeFiles/cmTC_ee44e.dir/CheckFunctionExists.c.o   -c /usr/share/cmake-3.10/Modules/CheckFunctionExists.c
Linking C executable cmTC_ee44e
/usr/bin/cmake -E cmake_link_script CMakeFiles/cmTC_ee44e.dir/link.txt --verbose=1
/usr/lib/ccache/cc  -DCHECK_FUNCTION_EXISTS=pthread_create    -rdynamic CMakeFiles/cmTC_ee44e.dir/CheckFunctionExists.c.o  -o cmTC_ee44e -lpthreads 
/usr/bin/ld: cannot find -lpthreads
collect2: error: ld returned 1 exit status
CMakeFiles/cmTC_ee44e.dir/build.make:97: recipe for target 'cmTC_ee44e' failed
make[1]: *** [cmTC_ee44e] Error 1
make[1]: Leaving directory '/home/hemanth/neural_fly/build/ethzasl_msf/CMakeFiles/CMakeTmp'
Makefile:126: recipe for target 'cmTC_ee44e/fast' failed
make: *** [cmTC_ee44e/fast] Error 2


