Linked: (/home/hemanth/neural_fly/devel/.private/msf_updates/share/msf_updates/cmake/msf_updatesConfig.cmake, /home/hemanth/neural_fly/devel/share/msf_updates/cmake/msf_updatesConfig.cmake)
Linked: (/home/hemanth/neural_fly/devel/.private/msf_updates/share/msf_updates/cmake/msf_updatesConfig-version.cmake, /home/hemanth/neural_fly/devel/share/msf_updates/cmake/msf_updatesConfig-version.cmake)
Linked: (/home/hemanth/neural_fly/devel/.private/msf_updates/share/msf_updates/docs/SinglePositionSensorConfig.dox, /home/hemanth/neural_fly/devel/share/msf_updates/docs/SinglePositionSensorConfig.dox)
Linked: (/home/hemanth/neural_fly/devel/.private/msf_updates/share/msf_updates/docs/SinglePositionSensorConfig.wikidoc, /home/hemanth/neural_fly/devel/share/msf_updates/docs/SinglePositionSensorConfig.wikidoc)
Linked: (/home/hemanth/neural_fly/devel/.private/msf_updates/share/msf_updates/docs/PosePressureSensorConfig.dox, /home/hemanth/neural_fly/devel/share/msf_updates/docs/PosePressureSensorConfig.dox)
Linked: (/home/hemanth/neural_fly/devel/.private/msf_updates/share/msf_updates/docs/SinglePoseSensorConfig.dox, /home/hemanth/neural_fly/devel/share/msf_updates/docs/SinglePoseSensorConfig.dox)
Linked: (/home/hemanth/neural_fly/devel/.private/msf_updates/share/msf_updates/docs/PosePressureSensorConfig.wikidoc, /home/hemanth/neural_fly/devel/share/msf_updates/docs/PosePressureSensorConfig.wikidoc)
Linked: (/home/hemanth/neural_fly/devel/.private/msf_updates/share/msf_updates/docs/PosePressureSensorConfig-usage.dox, /home/hemanth/neural_fly/devel/share/msf_updates/docs/PosePressureSensorConfig-usage.dox)
Linked: (/home/hemanth/neural_fly/devel/.private/msf_updates/share/msf_updates/docs/PositionPoseSensorConfig.wikidoc, /home/hemanth/neural_fly/devel/share/msf_updates/docs/PositionPoseSensorConfig.wikidoc)
Linked: (/home/hemanth/neural_fly/devel/.private/msf_updates/share/msf_updates/docs/SphericalPositionSensorConfig.dox, /home/hemanth/neural_fly/devel/share/msf_updates/docs/SphericalPositionSensorConfig.dox)
Linked: (/home/hemanth/neural_fly/devel/.private/msf_updates/share/msf_updates/docs/SinglePoseSensorConfig-usage.dox, /home/hemanth/neural_fly/devel/share/msf_updates/docs/SinglePoseSensorConfig-usage.dox)
Linked: (/home/hemanth/neural_fly/devel/.private/msf_updates/share/msf_updates/docs/SphericalPositionSensorConfig-usage.dox, /home/hemanth/neural_fly/devel/share/msf_updates/docs/SphericalPositionSensorConfig-usage.dox)
Linked: (/home/hemanth/neural_fly/devel/.private/msf_updates/share/msf_updates/docs/SinglePositionSensorConfig-usage.dox, /home/hemanth/neural_fly/devel/share/msf_updates/docs/SinglePositionSensorConfig-usage.dox)
Linked: (/home/hemanth/neural_fly/devel/.private/msf_updates/share/msf_updates/docs/SinglePoseSensorConfig.wikidoc, /home/hemanth/neural_fly/devel/share/msf_updates/docs/SinglePoseSensorConfig.wikidoc)
Linked: (/home/hemanth/neural_fly/devel/.private/msf_updates/share/msf_updates/docs/PositionPoseSensorConfig.dox, /home/hemanth/neural_fly/devel/share/msf_updates/docs/PositionPoseSensorConfig.dox)
Linked: (/home/hemanth/neural_fly/devel/.private/msf_updates/share/msf_updates/docs/PositionPoseSensorConfig-usage.dox, /home/hemanth/neural_fly/devel/share/msf_updates/docs/PositionPoseSensorConfig-usage.dox)
Linked: (/home/hemanth/neural_fly/devel/.private/msf_updates/share/msf_updates/docs/SphericalPositionSensorConfig.wikidoc, /home/hemanth/neural_fly/devel/share/msf_updates/docs/SphericalPositionSensorConfig.wikidoc)
Linked: (/home/hemanth/neural_fly/devel/.private/msf_updates/include/msf_updates/PosePressureSensorConfig.h, /home/hemanth/neural_fly/devel/include/msf_updates/PosePressureSensorConfig.h)
Linked: (/home/hemanth/neural_fly/devel/.private/msf_updates/include/msf_updates/PositionPoseSensorConfig.h, /home/hemanth/neural_fly/devel/include/msf_updates/PositionPoseSensorConfig.h)
Linked: (/home/hemanth/neural_fly/devel/.private/msf_updates/include/msf_updates/SphericalPositionSensorConfig.h, /home/hemanth/neural_fly/devel/include/msf_updates/SphericalPositionSensorConfig.h)
Linked: (/home/hemanth/neural_fly/devel/.private/msf_updates/include/msf_updates/SinglePoseSensorConfig.h, /home/hemanth/neural_fly/devel/include/msf_updates/SinglePoseSensorConfig.h)
Linked: (/home/hemanth/neural_fly/devel/.private/msf_updates/include/msf_updates/SinglePositionSensorConfig.h, /home/hemanth/neural_fly/devel/include/msf_updates/SinglePositionSensorConfig.h)
Linked: (/home/hemanth/neural_fly/devel/.private/msf_updates/lib/libpose_distorter.so, /home/hemanth/neural_fly/devel/lib/libpose_distorter.so)
Linked: (/home/hemanth/neural_fly/devel/.private/msf_updates/lib/msf_updates/spherical_position_sensor, /home/hemanth/neural_fly/devel/lib/msf_updates/spherical_position_sensor)
Linked: (/home/hemanth/neural_fly/devel/.private/msf_updates/lib/msf_updates/pose_pressure_sensor, /home/hemanth/neural_fly/devel/lib/msf_updates/pose_pressure_sensor)
Linked: (/home/hemanth/neural_fly/devel/.private/msf_updates/lib/msf_updates/position_sensor, /home/hemanth/neural_fly/devel/lib/msf_updates/position_sensor)
Linked: (/home/hemanth/neural_fly/devel/.private/msf_updates/lib/msf_updates/position_pose_sensor, /home/hemanth/neural_fly/devel/lib/msf_updates/position_pose_sensor)
Linked: (/home/hemanth/neural_fly/devel/.private/msf_updates/lib/msf_updates/pose_sensor, /home/hemanth/neural_fly/devel/lib/msf_updates/pose_sensor)
Linked: (/home/hemanth/neural_fly/devel/.private/msf_updates/lib/msf_updates/test_distort, /home/hemanth/neural_fly/devel/lib/msf_updates/test_distort)
Linked: (/home/hemanth/neural_fly/devel/.private/msf_updates/lib/python2.7/dist-packages/msf_updates/__init__.py, /home/hemanth/neural_fly/devel/lib/python2.7/dist-packages/msf_updates/__init__.py)
Linked: (/home/hemanth/neural_fly/devel/.private/msf_updates/lib/python2.7/dist-packages/msf_updates/cfg/PosePressureSensorConfig.py, /home/hemanth/neural_fly/devel/lib/python2.7/dist-packages/msf_updates/cfg/PosePressureSensorConfig.py)
Linked: (/home/hemanth/neural_fly/devel/.private/msf_updates/lib/python2.7/dist-packages/msf_updates/cfg/__init__.py, /home/hemanth/neural_fly/devel/lib/python2.7/dist-packages/msf_updates/cfg/__init__.py)
Linked: (/home/hemanth/neural_fly/devel/.private/msf_updates/lib/python2.7/dist-packages/msf_updates/cfg/SphericalPositionSensorConfig.py, /home/hemanth/neural_fly/devel/lib/python2.7/dist-packages/msf_updates/cfg/SphericalPositionSensorConfig.py)
Linked: (/home/hemanth/neural_fly/devel/.private/msf_updates/lib/python2.7/dist-packages/msf_updates/cfg/SinglePoseSensorConfig.py, /home/hemanth/neural_fly/devel/lib/python2.7/dist-packages/msf_updates/cfg/SinglePoseSensorConfig.py)
Linked: (/home/hemanth/neural_fly/devel/.private/msf_updates/lib/python2.7/dist-packages/msf_updates/cfg/PositionPoseSensorConfig.py, /home/hemanth/neural_fly/devel/lib/python2.7/dist-packages/msf_updates/cfg/PositionPoseSensorConfig.py)
Linked: (/home/hemanth/neural_fly/devel/.private/msf_updates/lib/python2.7/dist-packages/msf_updates/cfg/SinglePositionSensorConfig.py, /home/hemanth/neural_fly/devel/lib/python2.7/dist-packages/msf_updates/cfg/SinglePositionSensorConfig.py)
Linked: (/home/hemanth/neural_fly/devel/.private/msf_updates/lib/pkgconfig/msf_updates.pc, /home/hemanth/neural_fly/devel/lib/pkgconfig/msf_updates.pc)
