Determining if the pthread_create exist failed with the following output:
Change Dir: /home/hemanth/neural_fly/build/rotors_description/CMakeFiles/CMakeTmp

Run Build Command:"/usr/bin/make" "cmTC_fbf13/fast"
/usr/bin/make -f CMakeFiles/cmTC_fbf13.dir/build.make CMakeFiles/cmTC_fbf13.dir/build
make[1]: Entering directory '/home/hemanth/neural_fly/build/rotors_description/CMakeFiles/CMakeTmp'
Building C object CMakeFiles/cmTC_fbf13.dir/CheckSymbolExists.c.o
/usr/lib/ccache/cc    -o CMakeFiles/cmTC_fbf13.dir/CheckSymbolExists.c.o   -c /home/hemanth/neural_fly/build/rotors_description/CMakeFiles/CMakeTmp/CheckSymbolExists.c
Linking C executable cmTC_fbf13
/usr/bin/cmake -E cmake_link_script CMakeFiles/cmTC_fbf13.dir/link.txt --verbose=1
/usr/lib/ccache/cc      -rdynamic CMakeFiles/cmTC_fbf13.dir/CheckSymbolExists.c.o  -o cmTC_fbf13 
CMakeFiles/cmTC_fbf13.dir/CheckSymbolExists.c.o: In function `main':
CheckSymbolExists.c:(.text+0x1b): undefined reference to `pthread_create'
collect2: error: ld returned 1 exit status
CMakeFiles/cmTC_fbf13.dir/build.make:97: recipe for target 'cmTC_fbf13' failed
make[1]: *** [cmTC_fbf13] Error 1
make[1]: Leaving directory '/home/hemanth/neural_fly/build/rotors_description/CMakeFiles/CMakeTmp'
Makefile:126: recipe for target 'cmTC_fbf13/fast' failed
make: *** [cmTC_fbf13/fast] Error 2

File /home/hemanth/neural_fly/build/rotors_description/CMakeFiles/CMakeTmp/CheckSymbolExists.c:
/* */
#include <pthread.h>

int main(int argc, char** argv)
{
  (void)argv;
#ifndef pthread_create
  return ((int*)(&pthread_create))[argc];
#else
  (void)argc;
  return 0;
#endif
}

Determining if the function pthread_create exists in the pthreads failed with the following output:
Change Dir: /home/hemanth/neural_fly/build/rotors_description/CMakeFiles/CMakeTmp

Run Build Command:"/usr/bin/make" "cmTC_4e757/fast"
/usr/bin/make -f CMakeFiles/cmTC_4e757.dir/build.make CMakeFiles/cmTC_4e757.dir/build
make[1]: Entering directory '/home/hemanth/neural_fly/build/rotors_description/CMakeFiles/CMakeTmp'
Building C object CMakeFiles/cmTC_4e757.dir/CheckFunctionExists.c.o
/usr/lib/ccache/cc   -DCHECK_FUNCTION_EXISTS=pthread_create   -o CMakeFiles/cmTC_4e757.dir/CheckFunctionExists.c.o   -c /usr/share/cmake-3.10/Modules/CheckFunctionExists.c
Linking C executable cmTC_4e757
/usr/bin/cmake -E cmake_link_script CMakeFiles/cmTC_4e757.dir/link.txt --verbose=1
/usr/lib/ccache/cc  -DCHECK_FUNCTION_EXISTS=pthread_create    -rdynamic CMakeFiles/cmTC_4e757.dir/CheckFunctionExists.c.o  -o cmTC_4e757 -lpthreads 
/usr/bin/ld: cannot find -lpthreads
collect2: error: ld returned 1 exit status
CMakeFiles/cmTC_4e757.dir/build.make:97: recipe for target 'cmTC_4e757' failed
make[1]: *** [cmTC_4e757] Error 1
make[1]: Leaving directory '/home/hemanth/neural_fly/build/rotors_description/CMakeFiles/CMakeTmp'
Makefile:126: recipe for target 'cmTC_4e757/fast' failed
make: *** [cmTC_4e757/fast] Error 2


