Determining if the pthread_create exist failed with the following output:
Change Dir: /home/hemanth/neural_fly/build/mav_nonlinear_mpc/CMakeFiles/CMakeTmp

Run Build Command:"/usr/bin/make" "cmTC_1ea71/fast"
/usr/bin/make -f CMakeFiles/cmTC_1ea71.dir/build.make CMakeFiles/cmTC_1ea71.dir/build
make[1]: Entering directory '/home/hemanth/neural_fly/build/mav_nonlinear_mpc/CMakeFiles/CMakeTmp'
Building C object CMakeFiles/cmTC_1ea71.dir/CheckSymbolExists.c.o
/usr/lib/ccache/cc    -o CMakeFiles/cmTC_1ea71.dir/CheckSymbolExists.c.o   -c /home/hemanth/neural_fly/build/mav_nonlinear_mpc/CMakeFiles/CMakeTmp/CheckSymbolExists.c
Linking C executable cmTC_1ea71
/usr/bin/cmake -E cmake_link_script CMakeFiles/cmTC_1ea71.dir/link.txt --verbose=1
/usr/lib/ccache/cc      -rdynamic CMakeFiles/cmTC_1ea71.dir/CheckSymbolExists.c.o  -o cmTC_1ea71 
CMakeFiles/cmTC_1ea71.dir/CheckSymbolExists.c.o: In function `main':
CheckSymbolExists.c:(.text+0x1b): undefined reference to `pthread_create'
collect2: error: ld returned 1 exit status
CMakeFiles/cmTC_1ea71.dir/build.make:97: recipe for target 'cmTC_1ea71' failed
make[1]: *** [cmTC_1ea71] Error 1
make[1]: Leaving directory '/home/hemanth/neural_fly/build/mav_nonlinear_mpc/CMakeFiles/CMakeTmp'
Makefile:126: recipe for target 'cmTC_1ea71/fast' failed
make: *** [cmTC_1ea71/fast] Error 2

File /home/hemanth/neural_fly/build/mav_nonlinear_mpc/CMakeFiles/CMakeTmp/CheckSymbolExists.c:
/* */
#include <pthread.h>

int main(int argc, char** argv)
{
  (void)argv;
#ifndef pthread_create
  return ((int*)(&pthread_create))[argc];
#else
  (void)argc;
  return 0;
#endif
}

Determining if the function pthread_create exists in the pthreads failed with the following output:
Change Dir: /home/hemanth/neural_fly/build/mav_nonlinear_mpc/CMakeFiles/CMakeTmp

Run Build Command:"/usr/bin/make" "cmTC_05f78/fast"
/usr/bin/make -f CMakeFiles/cmTC_05f78.dir/build.make CMakeFiles/cmTC_05f78.dir/build
make[1]: Entering directory '/home/hemanth/neural_fly/build/mav_nonlinear_mpc/CMakeFiles/CMakeTmp'
Building C object CMakeFiles/cmTC_05f78.dir/CheckFunctionExists.c.o
/usr/lib/ccache/cc   -DCHECK_FUNCTION_EXISTS=pthread_create   -o CMakeFiles/cmTC_05f78.dir/CheckFunctionExists.c.o   -c /usr/share/cmake-3.10/Modules/CheckFunctionExists.c
Linking C executable cmTC_05f78
/usr/bin/cmake -E cmake_link_script CMakeFiles/cmTC_05f78.dir/link.txt --verbose=1
/usr/lib/ccache/cc  -DCHECK_FUNCTION_EXISTS=pthread_create    -rdynamic CMakeFiles/cmTC_05f78.dir/CheckFunctionExists.c.o  -o cmTC_05f78 -lpthreads 
/usr/bin/ld: cannot find -lpthreads
collect2: error: ld returned 1 exit status
CMakeFiles/cmTC_05f78.dir/build.make:97: recipe for target 'cmTC_05f78' failed
make[1]: *** [cmTC_05f78] Error 1
make[1]: Leaving directory '/home/hemanth/neural_fly/build/mav_nonlinear_mpc/CMakeFiles/CMakeTmp'
Makefile:126: recipe for target 'cmTC_05f78/fast' failed
make: *** [cmTC_05f78/fast] Error 2


